<?xml version="1.0" encoding="UTF-8"?>
<testsuite xmlns:xsi="http://www.w3.org/2001/XMLSchema-instance" xsi:noNamespaceSchemaLocation="https://maven.apache.org/surefire/maven-surefire-plugin/xsd/surefire-test-report.xsd" version="3.0.2" name="com.tcs.DemoApplicationTests" time="2.977" tests="1" errors="0" skipped="0" failures="0">
  <properties>
[...]
</properties>
  <testcase name="contextLoads" classname="com.tcs.DemoApplicationTests" time="0.524">
    <system-out><![CDATA[18:55:33.831 [main] INFO org.springframework.test.context.support.AnnotationConfigContextLoaderUtils -- Could not detect default configuration classes for test class [com.tcs.DemoApplicationTests]: DemoApplicationTests does not declare any static, non-private, non-final, nested classes annotated with @Configuration.
18:55:33.930 [main] INFO org.springframework.boot.test.context.SpringBootTestContextBootstrapper -- Found @SpringBootConfiguration com.tcs.DemoApplication for test class com.tcs.DemoApplicationTests

  .   ____          _            __ _ _
 /\\ / ___'_ __ _ _(_)_ __  __ _ \ \ \ \
( ( )\___ | '_ | '_| | '_ \/ _` | \ \ \ \
 \\/  ___)| |_)| | | | | || (_| |  ) ) ) )
  '  |____| .__|_| |_|_| |_\__, | / / / /
 =========|_|==============|___/=/_/_/_/

 :: Spring Boot ::                (v3.5.6)

2025-09-24T18:55:34.402+08:00  WARN 8152 --- [ai-character-chat] [           main] ory$DuplicateJsonObjectContextCustomizer : 

Found multiple occurrences of org.json.JSONObject on the class path:

	jar:file:/E:/IdeaProjects/repository/com/vaadin/external/google/android-json/0.0.20131108.vaadin1/android-json-0.0.20131108.vaadin1.jar!/org/json/JSONObject.class
	jar:file:/E:/IdeaProjects/repository/org/json/json/20250107/json-20250107.jar!/org/json/JSONObject.class

You may wish to exclude one of them to ensure predictable runtime behavior

2025-09-24T18:55:34.421+08:00  INFO 8152 --- [ai-character-chat] [           main] com.tcs.DemoApplicationTests             : Starting DemoApplicationTests using Java 22 with PID 8152 (started by fyh in E:\tcs\backend-java)
2025-09-24T18:55:34.422+08:00  INFO 8152 --- [ai-character-chat] [           main] com.tcs.DemoApplicationTests             : No active profile set, falling back to 1 default profile: "default"
2025-09-24T18:55:35.302+08:00  INFO 8152 --- [ai-character-chat] [           main] com.tcs.repository.CharacterRepository   : ��ʼ����ɫ����...
2025-09-24T18:55:35.302+08:00  INFO 8152 --- [ai-character-chat] [           main] com.tcs.repository.CharacterRepository   : �ɹ���ʼ�� 8 ����ɫ
2025-09-24T18:55:35.306+08:00  INFO 8152 --- [ai-character-chat] [           main] c.t.c.CharacterCategoryController        : CharacterCategoryController ��ʼ�����
2025-09-24T18:55:35.719+08:00  INFO 8152 --- [ai-character-chat] [           main] com.tcs.service.ChatServiceImpl          : ChatServiceImpl ��ʼ����ɣ������ʷ��¼��: 5
2025-09-24T18:55:36.121+08:00  INFO 8152 --- [ai-character-chat] [           main] com.tcs.DemoApplicationTests             : Started DemoApplicationTests in 2.026 seconds (process running for 2.939)
]]></system-out>
    <system-err><![CDATA[Mockito is currently self-attaching to enable the inline-mock-maker. This will no longer work in future releases of the JDK. Please add Mockito as an agent to your build as described in Mockito's documentation: https://javadoc.io/doc/org.mockito/mockito-core/latest/org.mockito/org/mockito/Mockito.html#0.3
WARNING: A Java agent has been loaded dynamically (E:\IdeaProjects\repository\net\bytebuddy\byte-buddy-agent\1.17.7\byte-buddy-agent-1.17.7.jar)
WARNING: If a serviceability tool is in use, please run with -XX:+EnableDynamicAgentLoading to hide this warning
WARNING: If a serviceability tool is not in use, please run with -Djdk.instrument.traceUsage for more information
WARNING: Dynamic loading of agents will be disallowed by default in a future release
]]></system-err>
  </testcase>
</testsuite>